mediaBrowser/build/outputs/logs/manifest-merger-debug-report.txt
-- Merging decision tree log ---
manifest
ADDED from src/main/AndroidManifest.xml:2:1-26:12
INJECTED from src/main/AndroidManifest.xml:2:1-26:12
INJECTED from src/main/AndroidManifest.xml:2:1-26:12
INJECTED from src/main/AndroidManifest.xml:2:1-26:12
INJECTED from src/main/AndroidManifest.xml:2:1-26:12
INJECTED from src/main/AndroidManifest.xml:2:1-26:12
INJECTED from src/main/AndroidManifest.xml:2:1-26:12
	package
		ADDED from src/main/AndroidManifest.xml:4:5-37
		INJECTED from src/main/AndroidManifest.xml
		INJECTED from src/main/AndroidManifest.xml
	android:versionName
		INJECTED from src/main/AndroidManifest.xml
		ADDED from src/main/AndroidManifest.xml:2:1-26:12
		INJECTED from src/main/AndroidManifest.xml
	android:versionCode
		INJECTED from src/main/AndroidManifest.xml
		ADDED from src/main/AndroidManifest.xml:2:1-26:12
		INJECTED from src/main/AndroidManifest.xml
	xmlns:android
		ADDED from src/main/AndroidManifest.xml:2:11-69
uses-permission#android.permission.ACCESS_NETWORK_STATE
ADDED from src/main/AndroidManifest.xml:6:5-79
	android:name
		ADDED from src/main/AndroidManifest.xml:6:22-76
application
ADDED from src/main/AndroidManifest.xml:7:5-24:19
service#com.mediabrowser.xiaxl.service.MusicService
ADDED from src/main/AndroidManifest.xml:11:9-15:19
	android:name
		ADDED from src/main/AndroidManifest.xml:11:18-76
intent-filter#action:name:android.media.browse.MediaBrowserService
ADDED from src/main/AndroidManifest.xml:12:13-14:29
action#android.media.browse.MediaBrowserService
ADDED from src/main/AndroidManifest.xml:13:17-83
	android:name
		ADDED from src/main/AndroidManifest.xml:13:25-80
receiver#android.support.v4.media.session.MediaButtonReceiver
ADDED from src/main/AndroidManifest.xml:18:9-22:20
	android:name
		ADDED from src/main/AndroidManifest.xml:18:19-86
intent-filter#action:name:android.intent.action.MEDIA_BUTTON
ADDED from src/main/AndroidManifest.xml:19:13-21:29
action#android.intent.action.MEDIA_BUTTON
ADDED from src/main/AndroidManifest.xml:20:17-77
	android:name
		ADDED from src/main/AndroidManifest.xml:20:25-74
uses-sdk
INJECTED from src/main/AndroidManifest.xml reason: use-sdk injection requested
INJECTED from src/main/AndroidManifest.xml
INJECTED from src/main/AndroidManifest.xml
INJECTED from src/main/AndroidManifest.xml
INJECTED from src/main/AndroidManifest.xml
	android:targetSdkVersion
		INJECTED from src/main/AndroidManifest.xml
		ADDED from src/main/AndroidManifest.xml
		INJECTED from src/main/AndroidManifest.xml
	android:minSdkVersion
		INJECTED from src/main/AndroidManifest.xml
		ADDED from src/main/AndroidManifest.xml
		INJECTED from src/main/AndroidManifest.xml